<?xml version="1.0" encoding="UTF-8"?>
<testng-results ignored="0" total="1" passed="1" failed="0" skipped="0">
  <reporter-output>
  </reporter-output>
  <suite started-at="2024-02-21T23:49:28 TRT" name="Default suite" finished-at="2024-02-21T23:50:12 TRT" duration-ms="43763">
    <groups>
    </groups>
    <test started-at="2024-02-21T23:49:28 TRT" name="Default test" finished-at="2024-02-21T23:50:12 TRT" duration-ms="43763">
      <class name="LG.MainTestCases">
        <test-method is-config="true" signature="setup()[pri:0, instance:LG.MainTestCases@299321e2]" started-at="2024-02-21T23:49:28 TRT" name="setup" finished-at="2024-02-21T23:49:47 TRT" duration-ms="19182" status="PASS">
          <reporter-output>
          </reporter-output>
        </test-method> <!-- setup -->
        <test-method signature="RandomItem()[pri:0, instance:LG.MainTestCases@299321e2]" started-at="2024-02-21T23:49:47 TRT" name="RandomItem" finished-at="2024-02-21T23:50:12 TRT" duration-ms="24523" status="PASS">
          <reporter-output>
          </reporter-output>
        </test-method> <!-- RandomItem -->
        <test-method is-config="true" signature="postTests()[pri:0, instance:LG.MainTestCases@299321e2]" started-at="2024-02-21T23:50:12 TRT" name="postTests" finished-at="2024-02-21T23:50:12 TRT" duration-ms="0" status="PASS">
          <reporter-output>
          </reporter-output>
        </test-method> <!-- postTests -->
      </class> <!-- LG.MainTestCases -->
    </test> <!-- Default test -->
  </suite> <!-- Default suite -->
</testng-results>
